{"/Users/nrodriguez/Documents/challenge_cor/src/components/EmptyState/index.jsx": {"path":"/Users/nrodriguez/Documents/challenge_cor/src/components/EmptyState/index.jsx","statementMap":{"0":{"start":{"line":4,"column":18},"end":{"line":4,"column":33}},"1":{"start":{"line":6,"column":19},"end":{"line":20,"column":1}},"2":{"start":{"line":10,"column":2},"end":{"line":19,"column":3}},"3":{"start":{"line":22,"column":0},"end":{"line":25,"column":1}}},"fnMap":{"0":{"name":"(anonymous_0)","decl":{"start":{"line":6,"column":19},"end":{"line":6,"column":20}},"loc":{"start":{"line":9,"column":6},"end":{"line":20,"column":1}},"line":9}},"branchMap":{},"s":{"0":2,"1":2,"2":4,"3":2},"f":{"0":4},"b":{},"_coverageSchema":"1a1c01bbd47fc00a2c39e90264f33305004495a9","hash":"cb6a2b0918a0ecec6ce40464cf3490c3d9926eab"}
,"/Users/nrodriguez/Documents/challenge_cor/src/components/Filters/index.jsx": {"path":"/Users/nrodriguez/Documents/challenge_cor/src/components/Filters/index.jsx","statementMap":{"0":{"start":{"line":7,"column":18},"end":{"line":7,"column":30}},"1":{"start":{"line":9,"column":16},"end":{"line":31,"column":1}},"2":{"start":{"line":10,"column":2},"end":{"line":30,"column":3}},"3":{"start":{"line":16,"column":33},"end":{"line":16,"column":66}},"4":{"start":{"line":23,"column":33},"end":{"line":23,"column":64}},"5":{"start":{"line":33,"column":0},"end":{"line":36,"column":1}}},"fnMap":{"0":{"name":"(anonymous_0)","decl":{"start":{"line":9,"column":16},"end":{"line":9,"column":17}},"loc":{"start":{"line":9,"column":60},"end":{"line":31,"column":1}},"line":9},"1":{"name":"(anonymous_1)","decl":{"start":{"line":16,"column":28},"end":{"line":16,"column":29}},"loc":{"start":{"line":16,"column":33},"end":{"line":16,"column":66}},"line":16},"2":{"name":"(anonymous_2)","decl":{"start":{"line":23,"column":28},"end":{"line":23,"column":29}},"loc":{"start":{"line":23,"column":33},"end":{"line":23,"column":64}},"line":23}},"branchMap":{},"s":{"0":1,"1":1,"2":1,"3":0,"4":0,"5":1},"f":{"0":1,"1":0,"2":0},"b":{},"_coverageSchema":"1a1c01bbd47fc00a2c39e90264f33305004495a9","hash":"a29d2ecff9aa0d80f048a7019b9ff8c166d70ee6"}
,"/Users/nrodriguez/Documents/challenge_cor/src/components/FormTodo/index.jsx": {"path":"/Users/nrodriguez/Documents/challenge_cor/src/components/FormTodo/index.jsx","statementMap":{"0":{"start":{"line":10,"column":18},"end":{"line":10,"column":31}},"1":{"start":{"line":12,"column":17},"end":{"line":62,"column":1}},"2":{"start":{"line":13,"column":28},"end":{"line":13,"column":40}},"3":{"start":{"line":14,"column":34},"end":{"line":14,"column":50}},"4":{"start":{"line":15,"column":30},"end":{"line":15,"column":45}},"5":{"start":{"line":16,"column":40},"end":{"line":16,"column":52}},"6":{"start":{"line":18,"column":23},"end":{"line":27,"column":3}},"7":{"start":{"line":19,"column":4},"end":{"line":25,"column":6}},"8":{"start":{"line":26,"column":4},"end":{"line":26,"column":15}},"9":{"start":{"line":29,"column":20},"end":{"line":34,"column":3}},"10":{"start":{"line":30,"column":4},"end":{"line":30,"column":16}},"11":{"start":{"line":31,"column":4},"end":{"line":31,"column":23}},"12":{"start":{"line":32,"column":4},"end":{"line":32,"column":20}},"13":{"start":{"line":33,"column":4},"end":{"line":33,"column":22}},"14":{"start":{"line":36,"column":2},"end":{"line":61,"column":3}},"15":{"start":{"line":44,"column":29},"end":{"line":44,"column":53}},"16":{"start":{"line":46,"column":35},"end":{"line":46,"column":62}},"17":{"start":{"line":49,"column":35},"end":{"line":49,"column":60}},"18":{"start":{"line":54,"column":55},"end":{"line":54,"column":85}},"19":{"start":{"line":64,"column":0},"end":{"line":66,"column":1}}},"fnMap":{"0":{"name":"(anonymous_0)","decl":{"start":{"line":12,"column":17},"end":{"line":12,"column":18}},"loc":{"start":{"line":12,"column":40},"end":{"line":62,"column":1}},"line":12},"1":{"name":"(anonymous_1)","decl":{"start":{"line":18,"column":23},"end":{"line":18,"column":24}},"loc":{"start":{"line":18,"column":29},"end":{"line":27,"column":3}},"line":18},"2":{"name":"(anonymous_2)","decl":{"start":{"line":29,"column":20},"end":{"line":29,"column":21}},"loc":{"start":{"line":29,"column":26},"end":{"line":34,"column":3}},"line":29},"3":{"name":"(anonymous_3)","decl":{"start":{"line":44,"column":24},"end":{"line":44,"column":25}},"loc":{"start":{"line":44,"column":29},"end":{"line":44,"column":53}},"line":44},"4":{"name":"(anonymous_4)","decl":{"start":{"line":46,"column":30},"end":{"line":46,"column":31}},"loc":{"start":{"line":46,"column":35},"end":{"line":46,"column":62}},"line":46},"5":{"name":"(anonymous_5)","decl":{"start":{"line":49,"column":30},"end":{"line":49,"column":31}},"loc":{"start":{"line":49,"column":35},"end":{"line":49,"column":60}},"line":49},"6":{"name":"(anonymous_6)","decl":{"start":{"line":54,"column":50},"end":{"line":54,"column":51}},"loc":{"start":{"line":54,"column":55},"end":{"line":54,"column":85}},"line":54}},"branchMap":{"0":{"loc":{"start":{"line":56,"column":67},"end":{"line":56,"column":90}},"type":"cond-expr","locations":[{"start":{"line":56,"column":75},"end":{"line":56,"column":77}},{"start":{"line":56,"column":80},"end":{"line":56,"column":90}}],"line":56}},"s":{"0":1,"1":1,"2":1,"3":1,"4":1,"5":1,"6":1,"7":0,"8":0,"9":1,"10":0,"11":0,"12":0,"13":0,"14":1,"15":0,"16":0,"17":0,"18":0,"19":1},"f":{"0":1,"1":0,"2":0,"3":0,"4":0,"5":0,"6":0},"b":{"0":[0,1]},"_coverageSchema":"1a1c01bbd47fc00a2c39e90264f33305004495a9","hash":"52d2dc415a7081fbb87134988d2709bb7a32717c"}
,"/Users/nrodriguez/Documents/challenge_cor/src/components/TaskData/index.jsx": {"path":"/Users/nrodriguez/Documents/challenge_cor/src/components/TaskData/index.jsx","statementMap":{"0":{"start":{"line":12,"column":18},"end":{"line":12,"column":31}},"1":{"start":{"line":14,"column":17},"end":{"line":91,"column":1}},"2":{"start":{"line":25,"column":26},"end":{"line":25,"column":41}},"3":{"start":{"line":27,"column":22},"end":{"line":27,"column":42}},"4":{"start":{"line":27,"column":28},"end":{"line":27,"column":42}},"5":{"start":{"line":28,"column":21},"end":{"line":28,"column":40}},"6":{"start":{"line":28,"column":27},"end":{"line":28,"column":40}},"7":{"start":{"line":30,"column":20},"end":{"line":34,"column":4}},"8":{"start":{"line":36,"column":26},"end":{"line":39,"column":3}},"9":{"start":{"line":37,"column":4},"end":{"line":37,"column":19}},"10":{"start":{"line":38,"column":4},"end":{"line":38,"column":18}},"11":{"start":{"line":41,"column":2},"end":{"line":90,"column":3}},"12":{"start":{"line":49,"column":45},"end":{"line":49,"column":83}},"13":{"start":{"line":57,"column":45},"end":{"line":57,"column":81}},"14":{"start":{"line":93,"column":0},"end":{"line":102,"column":1}}},"fnMap":{"0":{"name":"(anonymous_0)","decl":{"start":{"line":14,"column":17},"end":{"line":14,"column":18}},"loc":{"start":{"line":24,"column":6},"end":{"line":91,"column":1}},"line":24},"1":{"name":"(anonymous_1)","decl":{"start":{"line":27,"column":22},"end":{"line":27,"column":23}},"loc":{"start":{"line":27,"column":28},"end":{"line":27,"column":42}},"line":27},"2":{"name":"(anonymous_2)","decl":{"start":{"line":28,"column":21},"end":{"line":28,"column":22}},"loc":{"start":{"line":28,"column":27},"end":{"line":28,"column":40}},"line":28},"3":{"name":"(anonymous_3)","decl":{"start":{"line":36,"column":26},"end":{"line":36,"column":27}},"loc":{"start":{"line":36,"column":32},"end":{"line":39,"column":3}},"line":36},"4":{"name":"(anonymous_4)","decl":{"start":{"line":49,"column":34},"end":{"line":49,"column":35}},"loc":{"start":{"line":49,"column":45},"end":{"line":49,"column":83}},"line":49},"5":{"name":"(anonymous_5)","decl":{"start":{"line":57,"column":34},"end":{"line":57,"column":35}},"loc":{"start":{"line":57,"column":45},"end":{"line":57,"column":81}},"line":57}},"branchMap":{},"s":{"0":2,"1":2,"2":2,"3":2,"4":0,"5":2,"6":0,"7":2,"8":2,"9":0,"10":0,"11":2,"12":0,"13":0,"14":2},"f":{"0":2,"1":0,"2":0,"3":0,"4":0,"5":0},"b":{},"_coverageSchema":"1a1c01bbd47fc00a2c39e90264f33305004495a9","hash":"27bde71da9711bb9d8fe1a7a0b31cf0db0638226"}
,"/Users/nrodriguez/Documents/challenge_cor/src/components/TaskList/index.jsx": {"path":"/Users/nrodriguez/Documents/challenge_cor/src/components/TaskList/index.jsx","statementMap":{"0":{"start":{"line":9,"column":18},"end":{"line":9,"column":31}},"1":{"start":{"line":11,"column":17},"end":{"line":62,"column":1}},"2":{"start":{"line":12,"column":2},"end":{"line":12,"column":20}},"3":{"start":{"line":13,"column":2},"end":{"line":13,"column":23}},"4":{"start":{"line":14,"column":2},"end":{"line":14,"column":30}},"5":{"start":{"line":15,"column":2},"end":{"line":15,"column":28}},"6":{"start":{"line":16,"column":26},"end":{"line":21,"column":3}},"7":{"start":{"line":17,"column":22},"end":{"line":17,"column":34}},"8":{"start":{"line":18,"column":21},"end":{"line":18,"column":59}},"9":{"start":{"line":18,"column":44},"end":{"line":18,"column":57}},"10":{"start":{"line":19,"column":4},"end":{"line":19,"column":36}},"11":{"start":{"line":20,"column":4},"end":{"line":20,"column":17}},"12":{"start":{"line":23,"column":21},"end":{"line":27,"column":3}},"13":{"start":{"line":24,"column":21},"end":{"line":24,"column":59}},"14":{"start":{"line":24,"column":44},"end":{"line":24,"column":57}},"15":{"start":{"line":25,"column":4},"end":{"line":25,"column":29}},"16":{"start":{"line":26,"column":4},"end":{"line":26,"column":17}},"17":{"start":{"line":29,"column":20},"end":{"line":41,"column":4}},"18":{"start":{"line":30,"column":4},"end":{"line":31,"column":67}},"19":{"start":{"line":33,"column":4},"end":{"line":40,"column":5}},"20":{"start":{"line":43,"column":23},"end":{"line":53,"column":3}},"21":{"start":{"line":44,"column":4},"end":{"line":52,"column":5}},"22":{"start":{"line":45,"column":6},"end":{"line":49,"column":7}},"23":{"start":{"line":46,"column":8},"end":{"line":46,"column":24}},"24":{"start":{"line":48,"column":8},"end":{"line":48,"column":93}},"25":{"start":{"line":51,"column":6},"end":{"line":51,"column":80}},"26":{"start":{"line":55,"column":2},"end":{"line":61,"column":3}},"27":{"start":{"line":64,"column":0},"end":{"line":69,"column":1}}},"fnMap":{"0":{"name":"(anonymous_0)","decl":{"start":{"line":11,"column":17},"end":{"line":11,"column":18}},"loc":{"start":{"line":11,"column":70},"end":{"line":62,"column":1}},"line":11},"1":{"name":"(anonymous_1)","decl":{"start":{"line":16,"column":26},"end":{"line":16,"column":27}},"loc":{"start":{"line":16,"column":51},"end":{"line":21,"column":3}},"line":16},"2":{"name":"(anonymous_2)","decl":{"start":{"line":18,"column":37},"end":{"line":18,"column":38}},"loc":{"start":{"line":18,"column":44},"end":{"line":18,"column":57}},"line":18},"3":{"name":"(anonymous_3)","decl":{"start":{"line":23,"column":21},"end":{"line":23,"column":22}},"loc":{"start":{"line":23,"column":29},"end":{"line":27,"column":3}},"line":23},"4":{"name":"(anonymous_4)","decl":{"start":{"line":24,"column":37},"end":{"line":24,"column":38}},"loc":{"start":{"line":24,"column":44},"end":{"line":24,"column":57}},"line":24},"5":{"name":"(anonymous_5)","decl":{"start":{"line":29,"column":32},"end":{"line":29,"column":33}},"loc":{"start":{"line":30,"column":4},"end":{"line":31,"column":67}},"line":30},"6":{"name":"(anonymous_6)","decl":{"start":{"line":32,"column":9},"end":{"line":32,"column":10}},"loc":{"start":{"line":32,"column":25},"end":{"line":41,"column":3}},"line":32},"7":{"name":"(anonymous_7)","decl":{"start":{"line":43,"column":23},"end":{"line":43,"column":24}},"loc":{"start":{"line":43,"column":29},"end":{"line":53,"column":3}},"line":43}},"branchMap":{"0":{"loc":{"start":{"line":30,"column":6},"end":{"line":31,"column":66}},"type":"binary-expr","locations":[{"start":{"line":30,"column":7},"end":{"line":30,"column":29}},{"start":{"line":30,"column":33},"end":{"line":30,"column":61}},{"start":{"line":31,"column":5},"end":{"line":31,"column":29}},{"start":{"line":31,"column":33},"end":{"line":31,"column":65}}],"line":30},"1":{"loc":{"start":{"line":44,"column":4},"end":{"line":52,"column":5}},"type":"if","locations":[{"start":{"line":44,"column":4},"end":{"line":52,"column":5}},{"start":{"line":50,"column":11},"end":{"line":52,"column":5}}],"line":44},"2":{"loc":{"start":{"line":45,"column":6},"end":{"line":49,"column":7}},"type":"if","locations":[{"start":{"line":45,"column":6},"end":{"line":49,"column":7}},{"start":{"line":47,"column":13},"end":{"line":49,"column":7}}],"line":45}},"s":{"0":1,"1":1,"2":3,"3":3,"4":3,"5":3,"6":3,"7":0,"8":0,"9":0,"10":0,"11":0,"12":3,"13":0,"14":0,"15":0,"16":0,"17":3,"18":2,"19":1,"20":3,"21":3,"22":2,"23":1,"24":1,"25":1,"26":3,"27":1},"f":{"0":3,"1":0,"2":0,"3":0,"4":0,"5":2,"6":1,"7":3},"b":{"0":[2,2,2,1],"1":[2,1],"2":[1,1]},"_coverageSchema":"1a1c01bbd47fc00a2c39e90264f33305004495a9","hash":"1be3690ff7165834f4b8faaf05333cbb26180c81"}
}
